[18:04:46] [main/INFO]: Loading Minecraft 1.21.1 with Fabric Loader 0.18.2
[18:04:46] [main/INFO]: Loading 4 mods:
	- fabricloader 0.18.2
	   \-- mixinextras 0.5.0
	- java 21
	- minecraft 1.21.1
[18:04:46] [main/INFO]: SpongePowered MIXIN Subsystem Version=0.8.7 Source=file:/workspaces/refactored-spork/servidor_minecraft/libraries/net/fabricmc/sponge-mixin/0.16.5+mixin.0.8.7/sponge-mixin-0.16.5+mixin.0.8.7.jar Service=Knot/Fabric Env=SERVER
[18:04:50] [main/INFO]: Environment: Environment[sessionHost=https://sessionserver.mojang.com, servicesHost=https://api.minecraftservices.com, name=PROD]
[18:04:51] [main/INFO]: No existing world data, creating new world
[18:04:52] [main/INFO]: Loaded 1290 recipes
[18:04:52] [main/INFO]: Loaded 1399 advancements
[18:04:53] [Server thread/INFO]: Starting minecraft server version 1.21.1
[18:04:53] [Server thread/INFO]: Loading properties
[18:04:53] [Server thread/INFO]: Default game type: SURVIVAL
[18:04:53] [Server thread/INFO]: Generating keypair
[18:04:53] [Server thread/INFO]: Starting Minecraft server on *:25565
[18:04:53] [Server thread/INFO]: Using epoll channel type
[18:04:53] [Server thread/WARN]: **** SERVER IS RUNNING IN OFFLINE/INSECURE MODE!
[18:04:53] [Server thread/WARN]: The server will make no attempt to authenticate usernames. Beware.
[18:04:53] [Server thread/WARN]: While this makes the game possible to play without internet access, it also opens up the ability for hackers to connect with any username they choose.
[18:04:53] [Server thread/WARN]: To change this, set "online-mode" to "true" in the server.properties file.
[18:04:53] [Server thread/INFO]: Preparing level "world"
[18:05:01] [Server thread/INFO]: Preparing start region for dimension minecraft:overworld
[18:05:01] [Worker-Main-3/INFO]: Preparing spawn area: 2%
[18:05:02] [Worker-Main-1/INFO]: Preparing spawn area: 2%
[18:05:02] [Worker-Main-2/INFO]: Preparing spawn area: 2%
[18:05:02] [Worker-Main-2/INFO]: Preparing spawn area: 2%
[18:05:03] [Worker-Main-2/INFO]: Preparing spawn area: 2%
[18:05:03] [Worker-Main-1/INFO]: Preparing spawn area: 12%
[18:05:04] [Worker-Main-1/INFO]: Preparing spawn area: 18%
[18:05:04] [Worker-Main-1/INFO]: Preparing spawn area: 18%
[18:05:05] [Worker-Main-1/INFO]: Preparing spawn area: 18%
[18:05:05] [Worker-Main-3/INFO]: Preparing spawn area: 18%
[18:05:06] [Worker-Main-1/INFO]: Preparing spawn area: 51%
[18:05:06] [Worker-Main-3/INFO]: Preparing spawn area: 51%
[18:05:07] [Worker-Main-3/INFO]: Preparing spawn area: 51%
[18:05:07] [Worker-Main-2/INFO]: Preparing spawn area: 83%
[18:05:07] [Server thread/INFO]: Time elapsed: 6601 ms
[18:05:07] [Server thread/INFO]: Done (14.248s)! For help, type "help"
[18:07:13] [Server thread/INFO]: Stopping server
